<?xml version="1.0" encoding="UTF-8"?>
<!-- Generated by org.testng.reporters.JUnitReportReporter -->
<testsuite hostname="LAPTOP-A6BLUN3J" failures="0" tests="1" name="Java_Package.Test1" time="0.008" errors="0" timestamp="2023-10-27T08:23:11 IST" skipped="0">
  <testcase classname="Java_Package.Test1" name="b" time="0.008"/>
</testsuite> <!-- Java_Package.Test1 -->
