<?xml version="1.0" encoding="UTF-8"?>
<!-- Generated by org.testng.reporters.JUnitReportReporter -->
<testsuite hostname="LAPTOP-A6BLUN3J" failures="0" tests="2" name="Java_Package.TestNG1" time="0.008" errors="0" timestamp="2023-10-27T08:19:28 IST" skipped="0">
  <testcase classname="Java_Package.TestNG1" name="a2" time="0.003"/>
  <testcase classname="Java_Package.TestNG1" name="a1" time="0.005"/>
</testsuite> <!-- Java_Package.TestNG1 -->
